<?xml version="1.0" encoding="UTF-8"?>
<coverage generated="1469391104">
  <project timestamp="1469391104">
    <package name="Example">
      <file name="/var/www/example-php/src/Example/Example.php">
        <class name="Example" namespace="Example">
          <metrics methods="1" coveredmethods="1" conditionals="0" coveredconditionals="0" statements="3" coveredstatements="3" elements="4" coveredelements="4"/>
        </class>
        <line num="5" type="method" name="go" crap="2" count="2"/>
        <line num="7" type="stmt" count="2"/>
        <line num="8" type="stmt" count="1"/>
        <line num="11" type="stmt" count="1"/>
        <metrics loc="14" ncloc="14" classes="1" methods="1" coveredmethods="1" conditionals="0" coveredconditionals="0" statements="3" coveredstatements="3" elements="4" coveredelements="4"/>
      </file>
    </package>
    <metrics files="1" loc="14" ncloc="14" classes="1" methods="1" coveredmethods="1" conditionals="0" coveredconditionals="0" statements="3" coveredstatements="3" elements="4" coveredelements="4"/>
  </project>
</coverage>
